c:\users\t\documents\github\vsproject\icd\release\icd.pch
c:\users\t\documents\github\vsproject\icd\release\vc120.pdb
c:\users\t\documents\github\vsproject\icd\release\stdafx.obj
c:\users\t\documents\github\vsproject\icd\release\shotdlg.obj
c:\users\t\documents\github\vsproject\icd\release\mainthread.obj
c:\users\t\documents\github\vsproject\icd\release\icdthread.obj
c:\users\t\documents\github\vsproject\icd\release\icddlg.obj
c:\users\t\documents\github\vsproject\icd\release\icd.obj
c:\users\t\documents\github\vsproject\icd\release\basetask.obj
c:\users\t\documents\github\vsproject\release\icd.exe
c:\users\t\documents\github\vsproject\release\icd.pdb
c:\users\t\documents\github\vsproject\icd\release\icd.res
c:\users\t\documents\github\vsproject\icd\release\icd.tlog\cl.command.1.tlog
c:\users\t\documents\github\vsproject\icd\release\icd.tlog\cl.read.1.tlog
c:\users\t\documents\github\vsproject\icd\release\icd.tlog\cl.write.1.tlog
c:\users\t\documents\github\vsproject\icd\release\icd.tlog\link.command.1.tlog
c:\users\t\documents\github\vsproject\icd\release\icd.tlog\link.read.1.tlog
c:\users\t\documents\github\vsproject\icd\release\icd.tlog\link.write.1.tlog
c:\users\t\documents\github\vsproject\icd\release\icd.tlog\rc.command.1.tlog
c:\users\t\documents\github\vsproject\icd\release\icd.tlog\rc.read.1.tlog
c:\users\t\documents\github\vsproject\icd\release\icd.tlog\rc.write.1.tlog
