2017/07/24 17:41:14 にビルドを開始しました。
     1>ノード 2 上のプロジェクト "C:\Users\t\Documents\GitHub\VSProject\ICD\ICD.vcxproj" (Rebuild ターゲット)。
     1>ClCompile:
         C:\Program Files (x86)\Microsoft Visual Studio 12.0\VC\bin\CL.exe /c /I"C:\t-kitaym\tesseract-3.01\ccmain" /I"C:\t-kitaym\tesseract-3.01\ccutil" /I"C:\t-kitaym\tesseract-3.01\ccstruct" /I"C:\t-kitaym\tesseract-3.01\api" /IC:\opencv\build\include /Zi /nologo /W3 /WX- /O2 /Oi /Oy- /GL /D WIN32 /D _WINDOWS /D NDEBUG /D _UNICODE /D UNICODE /D _AFXDLL /Gm- /EHsc /MD /GS /Gy /fp:precise /Zc:wchar_t /Zc:forScope /Yc"stdafx.h" /Fp"Release\ICD.pch" /Fo"Release\\" /Fd"Release\vc120.pdb" /Gd /TP /analyze- /errorReport:prompt stdafx.cpp
         stdafx.cpp
         C:\Program Files (x86)\Microsoft Visual Studio 12.0\VC\bin\CL.exe /c /I"C:\t-kitaym\tesseract-3.01\ccmain" /I"C:\t-kitaym\tesseract-3.01\ccutil" /I"C:\t-kitaym\tesseract-3.01\ccstruct" /I"C:\t-kitaym\tesseract-3.01\api" /IC:\opencv\build\include /Zi /nologo /W3 /WX- /O2 /Oi /Oy- /GL /D WIN32 /D _WINDOWS /D NDEBUG /D _UNICODE /D UNICODE /D _AFXDLL /Gm- /EHsc /MD /GS /Gy /fp:precise /Zc:wchar_t /Zc:forScope /Yu"stdafx.h" /Fp"Release\ICD.pch" /Fo"Release\\" /Fd"Release\vc120.pdb" /Gd /TP /analyze- /errorReport:prompt BaseTask.cpp ICD.cpp ICDDlg.cpp ICDThread.cpp MainThread.cpp ShotDlg.cpp
         BaseTask.cpp
         ICD.cpp
     1>C:\opencv\build\include\opencv2/legacy/compat.hpp : warning C4819: ファイルは、現在のコード ページ (932) で表示できない文字を含んでいます。データの損失を防ぐために、ファイルを Unicode 形式で保存してください。
         ICDDlg.cpp
     1>C:\opencv\build\include\opencv2/legacy/compat.hpp : warning C4819: ファイルは、現在のコード ページ (932) で表示できない文字を含んでいます。データの損失を防ぐために、ファイルを Unicode 形式で保存してください。
         ICDThread.cpp
     1>C:\opencv\build\include\opencv2/legacy/compat.hpp : warning C4819: ファイルは、現在のコード ページ (932) で表示できない文字を含んでいます。データの損失を防ぐために、ファイルを Unicode 形式で保存してください。
         MainThread.cpp
     1>C:\opencv\build\include\opencv2/legacy/compat.hpp : warning C4819: ファイルは、現在のコード ページ (932) で表示できない文字を含んでいます。データの損失を防ぐために、ファイルを Unicode 形式で保存してください。
         ShotDlg.cpp
     1>C:\opencv\build\include\opencv2/legacy/compat.hpp : warning C4819: ファイルは、現在のコード ページ (932) で表示できない文字を含んでいます。データの損失を防ぐために、ファイルを Unicode 形式で保存してください。
       ResourceCompile:
         C:\Program Files (x86)\Windows Kits\8.1\bin\x86\rc.exe /D NDEBUG /D _UNICODE /D UNICODE /D _AFXDLL /l"0x0411" /IRelease\ /nologo /fo"Release\ICD.res" ICD.rc 
       Link:
         C:\Program Files (x86)\Microsoft Visual Studio 12.0\VC\bin\link.exe /ERRORREPORT:PROMPT /OUT:"C:\Users\t\Documents\GitHub\VSProject\Release\ICD.exe" /INCREMENTAL:NO /NOLOGO /LIBPATH:"C:\t-kitaym\tesseract-3.01\vs2010\Release" /LIBPATH:C:\opencv\build\x86\vc12\lib /LIBPATH:"C:\t-kitaym\tesseract-3.01\vs2008\lib" libtesseract.lib "liblept-static-mtdll.lib" opencv_calib3d2411.lib opencv_calib3d2411d.lib opencv_contrib2411.lib opencv_contrib2411d.lib opencv_core2411.lib opencv_core2411d.lib opencv_features2d2411.lib opencv_features2d2411d.lib opencv_flann2411.lib opencv_flann2411d.lib opencv_gpu2411.lib opencv_gpu2411d.lib opencv_highgui2411.lib opencv_highgui2411d.lib opencv_imgproc2411.lib opencv_imgproc2411d.lib opencv_legacy2411.lib opencv_legacy2411d.lib opencv_ml2411.lib opencv_ml2411d.lib opencv_nonfree2411.lib opencv_nonfree2411d.lib opencv_objdetect2411.lib opencv_objdetect2411d.lib opencv_ocl2411.lib opencv_ocl2411d.lib opencv_photo2411.lib opencv_photo2411d.lib opencv_stitching2411.lib opencv_stitching2411d.lib opencv_superres2411.lib opencv_superres2411d.lib opencv_ts2411.lib opencv_ts2411d.lib opencv_video2411.lib opencv_video2411d.lib opencv_videostab2411.lib opencv_videostab2411d.lib /MANIFEST /MANIFESTUAC:"level='asInvoker' uiAccess='false'" /manifest:embed /manifestinput:"C:\Program Files (x86)\Microsoft Visual Studio 12.0\VC\Include\Manifest\dpiaware.manifest" /DEBUG /PDB:"C:\Users\t\Documents\GitHub\VSProject\Release\ICD.pdb" /SUBSYSTEM:WINDOWS /OPT:REF /OPT:ICF /LTCG /TLBID:1 /ENTRY:"wWinMainCRTStartup" /DYNAMICBASE /NXCOMPAT /IMPLIB:"C:\Users\t\Documents\GitHub\VSProject\Release\ICD.lib" /MACHINE:X86 /SAFESEH:NO Release\ICD.res
         Release\BaseTask.obj
         Release\ICD.obj
         Release\ICDDlg.obj
         Release\ICDThread.obj
         Release\MainThread.obj
         Release\ShotDlg.obj
         Release\stdafx.obj
         コード生成しています。
         コード生成が終了しました。
         ICD.vcxproj -> C:\Users\t\Documents\GitHub\VSProject\Release\ICD.exe
     1>プロジェクト "C:\Users\t\Documents\GitHub\VSProject\ICD\ICD.vcxproj" (Rebuild ターゲット) のビルドが完了しました。

ビルドに成功しました。

経過時間 00:00:10.42
