c:\users\t\documents\visual studio 2013\projects\icd\icd\debug\icd.pch
c:\users\t\documents\visual studio 2013\projects\icd\icd\debug\vc120.pdb
c:\users\t\documents\visual studio 2013\projects\icd\icd\debug\vc120.idb
c:\users\t\documents\visual studio 2013\projects\icd\icd\debug\stdafx.obj
c:\users\t\documents\visual studio 2013\projects\icd\icd\debug\basetask.obj
c:\users\t\documents\visual studio 2013\projects\icd\icd\debug\icd.obj
c:\users\t\documents\visual studio 2013\projects\icd\icd\debug\icddlg.obj
c:\users\t\documents\visual studio 2013\projects\icd\icd\debug\icdthread.obj
c:\users\t\documents\visual studio 2013\projects\icd\icd\debug\mainthread.obj
c:\users\t\documents\visual studio 2013\projects\icd\icd\debug\shotdlg.obj
c:\users\t\documents\visual studio 2013\projects\icd\debug\icd.ilk
c:\users\t\documents\visual studio 2013\projects\icd\debug\icd.exe
c:\users\t\documents\visual studio 2013\projects\icd\debug\icd.pdb
c:\users\t\documents\visual studio 2013\projects\icd\icd\debug\icd.res
c:\users\t\documents\visual studio 2013\projects\icd\icd\debug\icd.tlog\cl.command.1.tlog
c:\users\t\documents\visual studio 2013\projects\icd\icd\debug\icd.tlog\cl.read.1.tlog
c:\users\t\documents\visual studio 2013\projects\icd\icd\debug\icd.tlog\cl.write.1.tlog
c:\users\t\documents\visual studio 2013\projects\icd\icd\debug\icd.tlog\link.command.1.tlog
c:\users\t\documents\visual studio 2013\projects\icd\icd\debug\icd.tlog\link.read.1.tlog
c:\users\t\documents\visual studio 2013\projects\icd\icd\debug\icd.tlog\link.write.1.tlog
c:\users\t\documents\visual studio 2013\projects\icd\icd\debug\icd.tlog\rc.command.1.tlog
c:\users\t\documents\visual studio 2013\projects\icd\icd\debug\icd.tlog\rc.read.1.tlog
c:\users\t\documents\visual studio 2013\projects\icd\icd\debug\icd.tlog\rc.write.1.tlog
